app/build/outputs/logs/manifest-merger-debug-report.txt
-- Merging decision tree log ---
manifest
ADDED from src/main/AndroidManifest.xml:2:1-36:12
	package
		ADDED from src/main/AndroidManifest.xml:3:5-36
		INJECTED from src/main/AndroidManifest.xml
		INJECTED from src/main/AndroidManifest.xml
	android:versionName
		ADDED from src/main/AndroidManifest.xml:5:5-33
		INJECTED from src/main/AndroidManifest.xml
		INJECTED from src/main/AndroidManifest.xml
	android:versionCode
		ADDED from src/main/AndroidManifest.xml:4:5-29
		INJECTED from src/main/AndroidManifest.xml
		INJECTED from src/main/AndroidManifest.xml
	xmlns:android
		ADDED from src/main/AndroidManifest.xml:2:11-69
uses-sdk
ADDED from src/main/AndroidManifest.xml:7:5-9:41
	android:targetSdkVersion
		ADDED from src/main/AndroidManifest.xml:9:9-38
		INJECTED from src/main/AndroidManifest.xml
		INJECTED from src/main/AndroidManifest.xml
	android:minSdkVersion
		ADDED from src/main/AndroidManifest.xml:8:9-34
supports-screens
ADDED from src/main/AndroidManifest.xml:11:5-15:39
	android:largeScreens
		ADDED from src/main/AndroidManifest.xml:13:9-36
	android:smallScreens
		ADDED from src/main/AndroidManifest.xml:15:9-36
	android:normalScreens
		ADDED from src/main/AndroidManifest.xml:14:9-37
	android:anyDensity
		ADDED from src/main/AndroidManifest.xml:12:9-34
uses-permission#android.permission.INTERNET
ADDED from src/main/AndroidManifest.xml:17:5-67
	android:name
		ADDED from src/main/AndroidManifest.xml:17:22-64
application
ADDED from src/main/AndroidManifest.xml:19:5-34:19
	android:label
		ADDED from src/main/AndroidManifest.xml:22:9-41
	android:icon
		ADDED from src/main/AndroidManifest.xml:20:9-47
	android:installLocation
		ADDED from src/main/AndroidManifest.xml:21:9-39
activity#me.dawson.proxyserver.ui.ProxySettings
ADDED from src/main/AndroidManifest.xml:23:9-31:20
	android:label
		ADDED from src/main/AndroidManifest.xml:25:13-45
	android:name
		ADDED from src/main/AndroidManifest.xml:24:13-45
intent-filter#android.intent.action.MAIN+android.intent.category.LAUNCHER
ADDED from src/main/AndroidManifest.xml:26:13-30:29
action#android.intent.action.MAIN
ADDED from src/main/AndroidManifest.xml:27:17-69
	android:name
		ADDED from src/main/AndroidManifest.xml:27:25-66
category#android.intent.category.LAUNCHER
ADDED from src/main/AndroidManifest.xml:29:17-77
	android:name
		ADDED from src/main/AndroidManifest.xml:29:27-74
service#me.dawson.proxyserver.ui.ProxyService
ADDED from src/main/AndroidManifest.xml:33:9-52
	android:name
		ADDED from src/main/AndroidManifest.xml:33:18-49